<?xml version="1.0" encoding="UTF-8"?>
<testng-results ignored="0" total="5" passed="5" failed="0" skipped="0">
  <reporter-output>
  </reporter-output>
  <suite started-at="2021-03-20T20:11:05 IST" name="Suite" finished-at="2021-03-20T20:13:52 IST" duration-ms="166811">
    <groups>
    </groups>
    <test started-at="2021-03-20T20:11:05 IST" name="Test" finished-at="2021-03-20T20:13:52 IST" duration-ms="166811">
      <class name="tests.TestNG">
        <test-method signature="getDriver()[pri:0, instance:tests.TestNG@2ab4bc72]" started-at="2021-03-20T20:11:05 IST" name="getDriver" finished-at="2021-03-20T20:11:29 IST" duration-ms="24553" status="PASS">
          <reporter-output>
          </reporter-output>
        </test-method> <!-- getDriver -->
        <test-method signature="getGoogleSignIn()[pri:0, instance:tests.TestNG@2ab4bc72]" started-at="2021-03-20T20:11:30 IST" name="getGoogleSignIn" finished-at="2021-03-20T20:12:27 IST" depends-on-methods="tests.TestNG.getDriver" duration-ms="57771" status="PASS">
          <reporter-output>
          </reporter-output>
        </test-method> <!-- getGoogleSignIn -->
        <test-method signature="getPopularUsedCars()[pri:0, instance:tests.TestNG@2ab4bc72]" started-at="2021-03-20T20:12:27 IST" name="getPopularUsedCars" finished-at="2021-03-20T20:13:04 IST" depends-on-methods="tests.TestNG.getGoogleSignIn" duration-ms="36437" status="PASS">
          <reporter-output>
          </reporter-output>
        </test-method> <!-- getPopularUsedCars -->
        <test-method signature="getUpcomingBikes()[pri:0, instance:tests.TestNG@2ab4bc72]" started-at="2021-03-20T20:13:04 IST" name="getUpcomingBikes" finished-at="2021-03-20T20:13:41 IST" depends-on-methods="tests.TestNG.getPopularUsedCars" duration-ms="36855" status="PASS">
          <reporter-output>
          </reporter-output>
        </test-method> <!-- getUpcomingBikes -->
        <test-method signature="closeApplication()[pri:0, instance:tests.TestNG@2ab4bc72]" started-at="2021-03-20T20:13:41 IST" name="closeApplication" finished-at="2021-03-20T20:13:52 IST" depends-on-methods="tests.TestNG.getUpcomingBikes" duration-ms="11012" status="PASS">
          <reporter-output>
          </reporter-output>
        </test-method> <!-- closeApplication -->
      </class> <!-- tests.TestNG -->
    </test> <!-- Test -->
  </suite> <!-- Suite -->
</testng-results>
