<?xml version="1.0" encoding="UTF-8"?>
<!-- Generated by org.testng.reporters.JUnitXMLReporter -->
<testsuite ignored="0" hostname="DESKTOP-3RGFLRR" failures="0" tests="5" name="Test" time="166.811" errors="0" timestamp="2021-03-20T20:13:52 IST">
  <testcase classname="tests.TestNG" name="getDriver" time="24.553"/>
  <testcase classname="tests.TestNG" name="getGoogleSignIn" time="57.771"/>
  <testcase classname="tests.TestNG" name="getPopularUsedCars" time="36.437"/>
  <testcase classname="tests.TestNG" name="getUpcomingBikes" time="36.855"/>
  <testcase classname="tests.TestNG" name="closeApplication" time="11.012"/>
</testsuite> <!-- Test -->
